2022-04-29 14:48:49,416:INFO:PyCaret Supervised Module
2022-04-29 14:48:49,416:INFO:ML Usecase: regression
2022-04-29 14:48:49,416:INFO:version 2.3.10
2022-04-29 14:48:49,416:INFO:Initializing setup()
2022-04-29 14:48:49,416:INFO:setup(target=LambdaMax, ml_usecase=regression, available_plots={'parameter': 'Hyperparameters', 'residuals': 'Residuals', 'error': 'Prediction Error', 'cooks': 'Cooks Distance', 'rfe': 'Feature Selection', 'learning': 'Learning Curve', 'manifold': 'Manifold Learning', 'vc': 'Validation Curve', 'feature': 'Feature Importance', 'feature_all': 'Feature Importance (All)', 'tree': 'Decision Tree', 'residuals_interactive': 'Interactive Residuals'}, train_size=0.7, test_data=None, preprocess=True, imputation_type=simple, iterative_imputation_iters=5, categorical_features=None, categorical_imputation=constant, categorical_iterative_imputer=lightgbm, ordinal_features=None, high_cardinality_features=None, high_cardinality_method=frequency, numeric_features=None, numeric_imputation=mean, numeric_iterative_imputer=lightgbm, date_features=None, ignore_features=None, normalize=False, normalize_method=zscore, transformation=False, transformation_method=yeo-johnson, handle_unknown_categorical=True, unknown_categorical_method=least_frequent, pca=False, pca_method=linear, pca_components=None, ignore_low_variance=True, combine_rare_levels=False, rare_level_threshold=0.1, bin_numeric_features=None, remove_outliers=False, outliers_threshold=0.05, remove_multicollinearity=False, multicollinearity_threshold=0.9, remove_perfect_collinearity=True, create_clusters=False, cluster_iter=20, polynomial_features=False, polynomial_degree=2, trigonometry_features=False, polynomial_threshold=0.1, group_features=None, group_names=None, feature_selection=True, feature_selection_threshold=0.8, feature_selection_method=classic, feature_interaction=False, feature_ratio=False, interaction_threshold=0.01, fix_imbalance=False, fix_imbalance_method=None, transform_target=False, transform_target_method=box-cox, data_split_shuffle=True, data_split_stratify=False, fold_strategy=kfold, fold=10, fold_shuffle=False, fold_groups=None, n_jobs=-1, use_gpu=False, custom_pipeline=None, html=True, session_id=123, log_experiment=False, experiment_name=None, experiment_custom_tags=None, log_plots=False, log_profile=False, log_data=False, silent=True, verbose=True, profile=False, profile_kwargs=None, display=None)
2022-04-29 14:48:49,417:INFO:Checking environment
2022-04-29 14:48:49,417:INFO:python_version: 3.8.13
2022-04-29 14:48:49,418:INFO:python_build: ('default', 'Mar 28 2022 06:59:08')
2022-04-29 14:48:49,418:INFO:machine: AMD64
2022-04-29 14:48:49,418:INFO:platform: Windows-10-10.0.19044-SP0
2022-04-29 14:48:49,418:INFO:Memory: svmem(total=12762226688, available=3522637824, percent=72.4, used=9239588864, free=3522637824)
2022-04-29 14:48:49,418:INFO:Physical Core: 4
2022-04-29 14:48:49,418:INFO:Logical Core: 8
2022-04-29 14:48:49,418:INFO:Checking libraries
2022-04-29 14:48:49,418:INFO:pd==1.4.2
2022-04-29 14:48:49,419:INFO:numpy==1.19.5
2022-04-29 14:48:49,419:INFO:sklearn==0.23.2
2022-04-29 14:48:49,419:INFO:lightgbm==3.3.2
2022-04-29 14:48:49,791:INFO:catboost==1.0.5
2022-04-29 14:48:49,791:INFO:xgboost==1.6.0
2022-04-29 14:48:49,791:INFO:mlflow==1.25.1
2022-04-29 14:48:49,791:INFO:Checking Exceptions
2022-04-29 14:48:49,791:INFO:Declaring global variables
2022-04-29 14:48:49,791:INFO:USI: 21a3
2022-04-29 14:48:49,791:INFO:pycaret_globals: {'create_model_container', 'iterative_imputation_iters_param', 'X_test', 'dashboard_logger', '_all_metrics', '_internal_pipeline', 'fix_imbalance_param', 'y_test', '_available_plots', '_all_models', 'y_train', 'exp_name_log', 'data_before_preprocess', 'html_param', 'fold_groups_param_full', 'USI', 'fold_generator', 'logging_param', 'X_train', 'gpu_param', 'seed', 'imputation_regressor', 'fold_param', 'transform_target_method_param', '_ml_usecase', 'log_plots_param', 'y', 'target_param', '_all_models_internal', 'experiment__', 'display_container', 'fix_imbalance_method_param', 'prep_pipe', 'X', 'pycaret_globals', 'n_jobs_param', '_gpu_n_jobs_param', 'fold_shuffle_param', 'imputation_classifier', 'transform_target_param', 'master_model_container', 'fold_groups_param', 'stratify_param'}
2022-04-29 14:48:49,792:INFO:Preparing display monitor
2022-04-29 14:48:49,792:INFO:Preparing display monitor
2022-04-29 14:48:49,804:INFO:Importing libraries
2022-04-29 14:48:49,805:INFO:Copying data for preprocessing
2022-04-29 14:48:49,812:INFO:Declaring preprocessing parameters
2022-04-29 14:48:49,814:INFO:Creating preprocessing pipeline
2022-04-29 14:48:49,838:INFO:Preprocessing pipeline created successfully
2022-04-29 14:48:49,838:ERROR:(Process Exit): setup has been interupted with user command 'quit'. setup must rerun.
2022-04-29 14:48:49,838:INFO:Creating global containers
2022-04-29 14:48:49,840:INFO:Internal pipeline: Pipeline(memory=None, steps=[('empty_step', 'passthrough')], verbose=False)
2022-04-29 14:48:51,837:INFO:Creating grid variables
2022-04-29 14:48:51,852:INFO:create_model_container: 0
2022-04-29 14:48:51,853:INFO:master_model_container: 0
2022-04-29 14:48:51,853:INFO:display_container: 1
2022-04-29 14:48:51,858:INFO:Pipeline(memory=None,
         steps=[('dtypes',
                 DataTypes_Auto_infer(categorical_features=[],
                                      display_types=False, features_todrop=[],
                                      id_columns=[], ml_usecase='regression',
                                      numerical_features=[], target='LambdaMax',
                                      time_features=[])),
                ('imputer',
                 Simple_Imputer(categorical_strategy='not_available',
                                fill_value_categorical=None,
                                fill_value_numerical=None,
                                numeric_strat...
                ('fix_perfect', Remove_100(target='LambdaMax')),
                ('clean_names', Clean_Colum_Names()),
                ('feature_select',
                 Advanced_Feature_Selection_Classic(ml_usecase='regression',
                                                    n_jobs=-1, random_state=123,
                                                    subclass='binary',
                                                    target='LambdaMax',
                                                    top_features_to_pick=0.19999999999999996)),
                ('fix_multi', 'passthrough'), ('dfs', 'passthrough'),
                ('pca', 'passthrough')],
         verbose=False)
2022-04-29 14:48:51,859:INFO:setup() succesfully completed......................................
2022-04-29 14:48:51,975:INFO:Initializing compare_models()
2022-04-29 14:48:51,975:INFO:compare_models(include=['lr', 'ridge', 'lar', 'br', 'par', 'huber', 'lasso', 'et', 'xgboost', 'lightgbm', 'rf', 'dt', 'ada'], fold=None, round=4, cross_validation=True, sort=MAE, n_select=3, budget_time=None, turbo=True, errors=ignore, fit_kwargs=None, groups=None, experiment_custom_tags=None, probability_threshold=None, verbose=False, display=None, exclude=None)
2022-04-29 14:48:51,975:INFO:Checking exceptions
2022-04-29 14:48:51,975:INFO:Preparing display monitor
2022-04-29 14:48:51,975:INFO:Initializing Linear Regression
2022-04-29 14:48:51,975:INFO:Total runtime is 0.0 minutes
2022-04-29 14:48:51,975:INFO:SubProcess create_model() called ==================================
2022-04-29 14:48:51,976:INFO:Initializing create_model()
2022-04-29 14:48:51,976:INFO:create_model(estimator=lr, fold=KFold(n_splits=10, random_state=None, shuffle=False), round=4, cross_validation=True, predict=True, fit_kwargs={}, groups=None, refit=False, verbose=False, system=False, metrics=None, experiment_custom_tags=None, add_to_model_list=True, probability_threshold=None, display=<pycaret.internal.Display.Display object at 0x00000235E61694F0>, return_train_score=False, kwargs={})
2022-04-29 14:48:51,976:INFO:Checking exceptions
2022-04-29 14:48:51,976:INFO:Importing libraries
2022-04-29 14:48:51,976:INFO:Copying training dataset
2022-04-29 14:48:51,976:INFO:Defining folds
2022-04-29 14:48:51,976:INFO:Declaring metric variables
2022-04-29 14:48:51,977:INFO:Importing untrained model
2022-04-29 14:48:51,977:INFO:Linear Regression Imported succesfully
2022-04-29 14:48:51,977:INFO:Starting cross validation
2022-04-29 14:48:51,984:INFO:Cross validating with KFold(n_splits=10, random_state=None, shuffle=False), n_jobs=-1
2022-04-29 14:49:10,176:INFO:Calculating mean and std
2022-04-29 14:49:10,176:INFO:Creating metrics dataframe
2022-04-29 14:49:10,234:INFO:Uploading results into container
2022-04-29 14:49:10,234:INFO:Uploading model into container now
2022-04-29 14:49:10,234:INFO:create_model_container: 1
2022-04-29 14:49:10,234:INFO:master_model_container: 1
2022-04-29 14:49:10,234:INFO:display_container: 2
2022-04-29 14:49:10,235:INFO:LinearRegression(copy_X=True, fit_intercept=True, n_jobs=-1, normalize=False)
2022-04-29 14:49:10,235:INFO:create_model() succesfully completed......................................
2022-04-29 14:49:10,368:INFO:SubProcess create_model() end ==================================
2022-04-29 14:49:10,368:INFO:Creating metrics dataframe
2022-04-29 14:49:10,392:INFO:Initializing Ridge Regression
2022-04-29 14:49:10,392:INFO:Total runtime is 0.3069476803143819 minutes
2022-04-29 14:49:10,392:INFO:SubProcess create_model() called ==================================
2022-04-29 14:49:10,392:INFO:Initializing create_model()
2022-04-29 14:49:10,392:INFO:create_model(estimator=ridge, fold=KFold(n_splits=10, random_state=None, shuffle=False), round=4, cross_validation=True, predict=True, fit_kwargs={}, groups=None, refit=False, verbose=False, system=False, metrics=None, experiment_custom_tags=None, add_to_model_list=True, probability_threshold=None, display=<pycaret.internal.Display.Display object at 0x00000235E61694F0>, return_train_score=False, kwargs={})
2022-04-29 14:49:10,392:INFO:Checking exceptions
2022-04-29 14:49:10,392:INFO:Importing libraries
2022-04-29 14:49:10,392:INFO:Copying training dataset
2022-04-29 14:49:10,393:INFO:Defining folds
2022-04-29 14:49:10,393:INFO:Declaring metric variables
2022-04-29 14:49:10,393:INFO:Importing untrained model
2022-04-29 14:49:10,393:INFO:Ridge Regression Imported succesfully
2022-04-29 14:49:10,393:INFO:Starting cross validation
2022-04-29 14:49:10,394:INFO:Cross validating with KFold(n_splits=10, random_state=None, shuffle=False), n_jobs=-1
2022-04-29 14:49:10,438:INFO:Calculating mean and std
2022-04-29 14:49:10,438:INFO:Creating metrics dataframe
2022-04-29 14:49:10,454:INFO:Uploading results into container
2022-04-29 14:49:10,454:INFO:Uploading model into container now
2022-04-29 14:49:10,454:INFO:create_model_container: 2
2022-04-29 14:49:10,454:INFO:master_model_container: 2
2022-04-29 14:49:10,454:INFO:display_container: 2
2022-04-29 14:49:10,454:INFO:Ridge(alpha=1.0, copy_X=True, fit_intercept=True, max_iter=None,
      normalize=False, random_state=123, solver='auto', tol=0.001)
2022-04-29 14:49:10,454:INFO:create_model() succesfully completed......................................
2022-04-29 14:49:10,578:INFO:SubProcess create_model() end ==================================
2022-04-29 14:49:10,579:INFO:Creating metrics dataframe
2022-04-29 14:49:10,588:INFO:Initializing Least Angle Regression
2022-04-29 14:49:10,588:INFO:Total runtime is 0.3102179487546285 minutes
2022-04-29 14:49:10,588:INFO:SubProcess create_model() called ==================================
2022-04-29 14:49:10,588:INFO:Initializing create_model()
2022-04-29 14:49:10,588:INFO:create_model(estimator=lar, fold=KFold(n_splits=10, random_state=None, shuffle=False), round=4, cross_validation=True, predict=True, fit_kwargs={}, groups=None, refit=False, verbose=False, system=False, metrics=None, experiment_custom_tags=None, add_to_model_list=True, probability_threshold=None, display=<pycaret.internal.Display.Display object at 0x00000235E61694F0>, return_train_score=False, kwargs={})
2022-04-29 14:49:10,588:INFO:Checking exceptions
2022-04-29 14:49:10,588:INFO:Importing libraries
2022-04-29 14:49:10,588:INFO:Copying training dataset
2022-04-29 14:49:10,588:INFO:Defining folds
2022-04-29 14:49:10,588:INFO:Declaring metric variables
2022-04-29 14:49:10,588:INFO:Importing untrained model
2022-04-29 14:49:10,588:INFO:Least Angle Regression Imported succesfully
2022-04-29 14:49:10,588:INFO:Starting cross validation
2022-04-29 14:49:10,604:INFO:Cross validating with KFold(n_splits=10, random_state=None, shuffle=False), n_jobs=-1
2022-04-29 14:49:11,134:WARNING:create_model() for lar raised an exception or returned all 0.0, trying without fit_kwargs:
2022-04-29 14:49:11,138:WARNING:joblib.externals.loky.process_executor._RemoteTraceback: 
"""
Traceback (most recent call last):
  File "C:\Users\mahdi\anaconda3\envs\test5\lib\site-packages\joblib-1.0.1-py3.8.egg\joblib\externals\loky\process_executor.py", line 431, in _process_worker
    r = call_item()
  File "C:\Users\mahdi\anaconda3\envs\test5\lib\site-packages\joblib-1.0.1-py3.8.egg\joblib\externals\loky\process_executor.py", line 285, in __call__
    return self.fn(*self.args, **self.kwargs)
  File "C:\Users\mahdi\anaconda3\envs\test5\lib\site-packages\joblib-1.0.1-py3.8.egg\joblib\_parallel_backends.py", line 595, in __call__
    return self.func(*args, **kwargs)
  File "C:\Users\mahdi\anaconda3\envs\test5\lib\site-packages\joblib-1.0.1-py3.8.egg\joblib\parallel.py", line 262, in __call__
    return [func(*args, **kwargs)
  File "C:\Users\mahdi\anaconda3\envs\test5\lib\site-packages\joblib-1.0.1-py3.8.egg\joblib\parallel.py", line 262, in <listcomp>
    return [func(*args, **kwargs)
  File "C:\Users\mahdi\anaconda3\envs\test5\lib\site-packages\scikit_learn-0.23.2-py3.8-win-amd64.egg\sklearn\model_selection\_validation.py", line 560, in _fit_and_score
    test_scores = _score(estimator, X_test, y_test, scorer)
  File "C:\Users\mahdi\anaconda3\envs\test5\lib\site-packages\scikit_learn-0.23.2-py3.8-win-amd64.egg\sklearn\model_selection\_validation.py", line 607, in _score
    scores = scorer(estimator, X_test, y_test)
  File "C:\Users\mahdi\anaconda3\envs\test5\lib\site-packages\scikit_learn-0.23.2-py3.8-win-amd64.egg\sklearn\metrics\_scorer.py", line 87, in __call__
    score = scorer._score(cached_call, estimator,
  File "C:\Users\mahdi\anaconda3\envs\test5\lib\site-packages\scikit_learn-0.23.2-py3.8-win-amd64.egg\sklearn\metrics\_scorer.py", line 212, in _score
    return self._sign * self._score_func(y_true, y_pred,
  File "C:\Users\mahdi\anaconda3\envs\test5\lib\site-packages\scikit_learn-0.23.2-py3.8-win-amd64.egg\sklearn\utils\validation.py", line 72, in inner_f
    return f(**kwargs)
  File "C:\Users\mahdi\anaconda3\envs\test5\lib\site-packages\scikit_learn-0.23.2-py3.8-win-amd64.egg\sklearn\metrics\_regression.py", line 178, in mean_absolute_error
    y_type, y_true, y_pred, multioutput = _check_reg_targets(
  File "C:\Users\mahdi\anaconda3\envs\test5\lib\site-packages\scikit_learn-0.23.2-py3.8-win-amd64.egg\sklearn\metrics\_regression.py", line 86, in _check_reg_targets
    y_pred = check_array(y_pred, ensure_2d=False, dtype=dtype)
  File "C:\Users\mahdi\anaconda3\envs\test5\lib\site-packages\scikit_learn-0.23.2-py3.8-win-amd64.egg\sklearn\utils\validation.py", line 72, in inner_f
    return f(**kwargs)
  File "C:\Users\mahdi\anaconda3\envs\test5\lib\site-packages\scikit_learn-0.23.2-py3.8-win-amd64.egg\sklearn\utils\validation.py", line 644, in check_array
    _assert_all_finite(array,
  File "C:\Users\mahdi\anaconda3\envs\test5\lib\site-packages\scikit_learn-0.23.2-py3.8-win-amd64.egg\sklearn\utils\validation.py", line 96, in _assert_all_finite
    raise ValueError(
ValueError: Input contains NaN, infinity or a value too large for dtype('float64').
"""

The above exception was the direct cause of the following exception:

Traceback (most recent call last):
  File "C:\Users\mahdi\anaconda3\envs\test5\lib\site-packages\pycaret-2.3.10-py3.8.egg\pycaret\internal\tabular.py", line 2203, in compare_models
    model, model_fit_time = create_model_supervised(**create_model_args)
  File "C:\Users\mahdi\anaconda3\envs\test5\lib\site-packages\pycaret-2.3.10-py3.8.egg\pycaret\internal\tabular.py", line 3200, in create_model_supervised
    scores = cross_validate(
  File "C:\Users\mahdi\anaconda3\envs\test5\lib\site-packages\scikit_learn-0.23.2-py3.8-win-amd64.egg\sklearn\utils\validation.py", line 72, in inner_f
    return f(**kwargs)
  File "C:\Users\mahdi\anaconda3\envs\test5\lib\site-packages\scikit_learn-0.23.2-py3.8-win-amd64.egg\sklearn\model_selection\_validation.py", line 242, in cross_validate
    scores = parallel(
  File "C:\Users\mahdi\anaconda3\envs\test5\lib\site-packages\joblib-1.0.1-py3.8.egg\joblib\parallel.py", line 1054, in __call__
    self.retrieve()
  File "C:\Users\mahdi\anaconda3\envs\test5\lib\site-packages\joblib-1.0.1-py3.8.egg\joblib\parallel.py", line 933, in retrieve
    self._output.extend(job.get(timeout=self.timeout))
  File "C:\Users\mahdi\anaconda3\envs\test5\lib\site-packages\joblib-1.0.1-py3.8.egg\joblib\_parallel_backends.py", line 542, in wrap_future_result
    return future.result(timeout=timeout)
  File "C:\Users\mahdi\anaconda3\envs\test5\lib\concurrent\futures\_base.py", line 444, in result
    return self.__get_result()
  File "C:\Users\mahdi\anaconda3\envs\test5\lib\concurrent\futures\_base.py", line 389, in __get_result
    raise self._exception
ValueError: Input contains NaN, infinity or a value too large for dtype('float64').

2022-04-29 14:49:11,138:INFO:Initializing create_model()
2022-04-29 14:49:11,138:INFO:create_model(estimator=lar, fold=KFold(n_splits=10, random_state=None, shuffle=False), round=4, cross_validation=True, predict=True, fit_kwargs={}, groups=None, refit=False, verbose=False, system=False, metrics=None, experiment_custom_tags=None, add_to_model_list=True, probability_threshold=None, display=<pycaret.internal.Display.Display object at 0x00000235E61694F0>, return_train_score=False, kwargs={})
2022-04-29 14:49:11,138:INFO:Checking exceptions
2022-04-29 14:49:11,138:INFO:Importing libraries
2022-04-29 14:49:11,138:INFO:Copying training dataset
2022-04-29 14:49:11,138:INFO:Defining folds
2022-04-29 14:49:11,138:INFO:Declaring metric variables
2022-04-29 14:49:11,138:INFO:Importing untrained model
2022-04-29 14:49:11,138:INFO:Least Angle Regression Imported succesfully
2022-04-29 14:49:11,138:INFO:Starting cross validation
2022-04-29 14:49:11,138:INFO:Cross validating with KFold(n_splits=10, random_state=None, shuffle=False), n_jobs=-1
2022-04-29 14:49:29,116:ERROR:create_model() for lar raised an exception or returned all 0.0:
2022-04-29 14:49:29,116:ERROR:joblib.externals.loky.process_executor._RemoteTraceback: 
"""
Traceback (most recent call last):
  File "C:\Users\mahdi\anaconda3\envs\test5\lib\site-packages\joblib-1.0.1-py3.8.egg\joblib\externals\loky\process_executor.py", line 431, in _process_worker
    r = call_item()
  File "C:\Users\mahdi\anaconda3\envs\test5\lib\site-packages\joblib-1.0.1-py3.8.egg\joblib\externals\loky\process_executor.py", line 285, in __call__
    return self.fn(*self.args, **self.kwargs)
  File "C:\Users\mahdi\anaconda3\envs\test5\lib\site-packages\joblib-1.0.1-py3.8.egg\joblib\_parallel_backends.py", line 595, in __call__
    return self.func(*args, **kwargs)
  File "C:\Users\mahdi\anaconda3\envs\test5\lib\site-packages\joblib-1.0.1-py3.8.egg\joblib\parallel.py", line 262, in __call__
    return [func(*args, **kwargs)
  File "C:\Users\mahdi\anaconda3\envs\test5\lib\site-packages\joblib-1.0.1-py3.8.egg\joblib\parallel.py", line 262, in <listcomp>
    return [func(*args, **kwargs)
  File "C:\Users\mahdi\anaconda3\envs\test5\lib\site-packages\scikit_learn-0.23.2-py3.8-win-amd64.egg\sklearn\model_selection\_validation.py", line 560, in _fit_and_score
    test_scores = _score(estimator, X_test, y_test, scorer)
  File "C:\Users\mahdi\anaconda3\envs\test5\lib\site-packages\scikit_learn-0.23.2-py3.8-win-amd64.egg\sklearn\model_selection\_validation.py", line 607, in _score
    scores = scorer(estimator, X_test, y_test)
  File "C:\Users\mahdi\anaconda3\envs\test5\lib\site-packages\scikit_learn-0.23.2-py3.8-win-amd64.egg\sklearn\metrics\_scorer.py", line 87, in __call__
    score = scorer._score(cached_call, estimator,
  File "C:\Users\mahdi\anaconda3\envs\test5\lib\site-packages\scikit_learn-0.23.2-py3.8-win-amd64.egg\sklearn\metrics\_scorer.py", line 212, in _score
    return self._sign * self._score_func(y_true, y_pred,
  File "C:\Users\mahdi\anaconda3\envs\test5\lib\site-packages\scikit_learn-0.23.2-py3.8-win-amd64.egg\sklearn\utils\validation.py", line 72, in inner_f
    return f(**kwargs)
  File "C:\Users\mahdi\anaconda3\envs\test5\lib\site-packages\scikit_learn-0.23.2-py3.8-win-amd64.egg\sklearn\metrics\_regression.py", line 178, in mean_absolute_error
    y_type, y_true, y_pred, multioutput = _check_reg_targets(
  File "C:\Users\mahdi\anaconda3\envs\test5\lib\site-packages\scikit_learn-0.23.2-py3.8-win-amd64.egg\sklearn\metrics\_regression.py", line 86, in _check_reg_targets
    y_pred = check_array(y_pred, ensure_2d=False, dtype=dtype)
  File "C:\Users\mahdi\anaconda3\envs\test5\lib\site-packages\scikit_learn-0.23.2-py3.8-win-amd64.egg\sklearn\utils\validation.py", line 72, in inner_f
    return f(**kwargs)
  File "C:\Users\mahdi\anaconda3\envs\test5\lib\site-packages\scikit_learn-0.23.2-py3.8-win-amd64.egg\sklearn\utils\validation.py", line 644, in check_array
    _assert_all_finite(array,
  File "C:\Users\mahdi\anaconda3\envs\test5\lib\site-packages\scikit_learn-0.23.2-py3.8-win-amd64.egg\sklearn\utils\validation.py", line 96, in _assert_all_finite
    raise ValueError(
ValueError: Input contains NaN, infinity or a value too large for dtype('float64').
"""

The above exception was the direct cause of the following exception:

Traceback (most recent call last):
  File "C:\Users\mahdi\anaconda3\envs\test5\lib\site-packages\pycaret-2.3.10-py3.8.egg\pycaret\internal\tabular.py", line 2212, in compare_models
    model, model_fit_time = create_model_supervised(**create_model_args)
  File "C:\Users\mahdi\anaconda3\envs\test5\lib\site-packages\pycaret-2.3.10-py3.8.egg\pycaret\internal\tabular.py", line 3200, in create_model_supervised
    scores = cross_validate(
  File "C:\Users\mahdi\anaconda3\envs\test5\lib\site-packages\scikit_learn-0.23.2-py3.8-win-amd64.egg\sklearn\utils\validation.py", line 72, in inner_f
    return f(**kwargs)
  File "C:\Users\mahdi\anaconda3\envs\test5\lib\site-packages\scikit_learn-0.23.2-py3.8-win-amd64.egg\sklearn\model_selection\_validation.py", line 242, in cross_validate
    scores = parallel(
  File "C:\Users\mahdi\anaconda3\envs\test5\lib\site-packages\joblib-1.0.1-py3.8.egg\joblib\parallel.py", line 1054, in __call__
    self.retrieve()
  File "C:\Users\mahdi\anaconda3\envs\test5\lib\site-packages\joblib-1.0.1-py3.8.egg\joblib\parallel.py", line 933, in retrieve
    self._output.extend(job.get(timeout=self.timeout))
  File "C:\Users\mahdi\anaconda3\envs\test5\lib\site-packages\joblib-1.0.1-py3.8.egg\joblib\_parallel_backends.py", line 542, in wrap_future_result
    return future.result(timeout=timeout)
  File "C:\Users\mahdi\anaconda3\envs\test5\lib\concurrent\futures\_base.py", line 444, in result
    return self.__get_result()
  File "C:\Users\mahdi\anaconda3\envs\test5\lib\concurrent\futures\_base.py", line 389, in __get_result
    raise self._exception
ValueError: Input contains NaN, infinity or a value too large for dtype('float64').

2022-04-29 14:49:29,116:INFO:Initializing Bayesian Ridge
2022-04-29 14:49:29,116:INFO:Total runtime is 0.6190088033676147 minutes
2022-04-29 14:49:29,116:INFO:SubProcess create_model() called ==================================
2022-04-29 14:49:29,116:INFO:Initializing create_model()
2022-04-29 14:49:29,116:INFO:create_model(estimator=br, fold=KFold(n_splits=10, random_state=None, shuffle=False), round=4, cross_validation=True, predict=True, fit_kwargs={}, groups=None, refit=False, verbose=False, system=False, metrics=None, experiment_custom_tags=None, add_to_model_list=True, probability_threshold=None, display=<pycaret.internal.Display.Display object at 0x00000235E61694F0>, return_train_score=False, kwargs={})
2022-04-29 14:49:29,116:INFO:Checking exceptions
2022-04-29 14:49:29,116:INFO:Importing libraries
2022-04-29 14:49:29,116:INFO:Copying training dataset
2022-04-29 14:49:29,116:INFO:Defining folds
2022-04-29 14:49:29,116:INFO:Declaring metric variables
2022-04-29 14:49:29,116:INFO:Importing untrained model
2022-04-29 14:49:29,116:INFO:Bayesian Ridge Imported succesfully
2022-04-29 14:49:29,116:INFO:Starting cross validation
2022-04-29 14:49:29,131:INFO:Cross validating with KFold(n_splits=10, random_state=None, shuffle=False), n_jobs=-1
2022-04-29 14:49:46,970:INFO:Calculating mean and std
2022-04-29 14:49:46,972:INFO:Creating metrics dataframe
2022-04-29 14:49:46,992:INFO:Uploading results into container
2022-04-29 14:49:46,992:INFO:Uploading model into container now
2022-04-29 14:49:46,992:INFO:create_model_container: 3
2022-04-29 14:49:46,992:INFO:master_model_container: 3
2022-04-29 14:49:46,992:INFO:display_container: 2
2022-04-29 14:49:46,992:INFO:BayesianRidge(alpha_1=1e-06, alpha_2=1e-06, alpha_init=None,
              compute_score=False, copy_X=True, fit_intercept=True,
              lambda_1=1e-06, lambda_2=1e-06, lambda_init=None, n_iter=300,
              normalize=False, tol=0.001, verbose=False)
2022-04-29 14:49:46,992:INFO:create_model() succesfully completed......................................
2022-04-29 14:49:47,114:INFO:SubProcess create_model() end ==================================
2022-04-29 14:49:47,114:INFO:Creating metrics dataframe
2022-04-29 14:49:47,134:INFO:Initializing Passive Aggressive Regressor
2022-04-29 14:49:47,134:INFO:Total runtime is 0.9193153142929076 minutes
2022-04-29 14:49:47,134:INFO:SubProcess create_model() called ==================================
2022-04-29 14:49:47,134:INFO:Initializing create_model()
2022-04-29 14:49:47,134:INFO:create_model(estimator=par, fold=KFold(n_splits=10, random_state=None, shuffle=False), round=4, cross_validation=True, predict=True, fit_kwargs={}, groups=None, refit=False, verbose=False, system=False, metrics=None, experiment_custom_tags=None, add_to_model_list=True, probability_threshold=None, display=<pycaret.internal.Display.Display object at 0x00000235E61694F0>, return_train_score=False, kwargs={})
2022-04-29 14:49:47,134:INFO:Checking exceptions
2022-04-29 14:49:47,134:INFO:Importing libraries
2022-04-29 14:49:47,134:INFO:Copying training dataset
2022-04-29 14:49:47,142:INFO:Defining folds
2022-04-29 14:49:47,142:INFO:Declaring metric variables
2022-04-29 14:49:47,142:INFO:Importing untrained model
2022-04-29 14:49:47,142:INFO:Passive Aggressive Regressor Imported succesfully
2022-04-29 14:49:47,142:INFO:Starting cross validation
2022-04-29 14:49:47,142:INFO:Cross validating with KFold(n_splits=10, random_state=None, shuffle=False), n_jobs=-1
2022-04-29 14:49:47,200:INFO:Calculating mean and std
2022-04-29 14:49:47,200:INFO:Creating metrics dataframe
2022-04-29 14:49:47,216:INFO:Uploading results into container
2022-04-29 14:49:47,216:INFO:Uploading model into container now
2022-04-29 14:49:47,216:INFO:create_model_container: 4
2022-04-29 14:49:47,216:INFO:master_model_container: 4
2022-04-29 14:49:47,216:INFO:display_container: 2
2022-04-29 14:49:47,231:INFO:PassiveAggressiveRegressor(C=1.0, average=False, early_stopping=False,
                           epsilon=0.1, fit_intercept=True,
                           loss='epsilon_insensitive', max_iter=1000,
                           n_iter_no_change=5, random_state=123, shuffle=True,
                           tol=0.001, validation_fraction=0.1, verbose=0,
                           warm_start=False)
2022-04-29 14:49:47,231:INFO:create_model() succesfully completed......................................
2022-04-29 14:49:47,341:INFO:SubProcess create_model() end ==================================
2022-04-29 14:49:47,341:INFO:Creating metrics dataframe
2022-04-29 14:49:47,363:INFO:Initializing Huber Regressor
2022-04-29 14:49:47,363:INFO:Total runtime is 0.9231286366780598 minutes
2022-04-29 14:49:47,363:INFO:SubProcess create_model() called ==================================
2022-04-29 14:49:47,363:INFO:Initializing create_model()
2022-04-29 14:49:47,363:INFO:create_model(estimator=huber, fold=KFold(n_splits=10, random_state=None, shuffle=False), round=4, cross_validation=True, predict=True, fit_kwargs={}, groups=None, refit=False, verbose=False, system=False, metrics=None, experiment_custom_tags=None, add_to_model_list=True, probability_threshold=None, display=<pycaret.internal.Display.Display object at 0x00000235E61694F0>, return_train_score=False, kwargs={})
2022-04-29 14:49:47,363:INFO:Checking exceptions
2022-04-29 14:49:47,363:INFO:Importing libraries
2022-04-29 14:49:47,363:INFO:Copying training dataset
2022-04-29 14:49:47,363:INFO:Defining folds
2022-04-29 14:49:47,363:INFO:Declaring metric variables
2022-04-29 14:49:47,363:INFO:Importing untrained model
2022-04-29 14:49:47,363:INFO:Huber Regressor Imported succesfully
2022-04-29 14:49:47,363:INFO:Starting cross validation
2022-04-29 14:49:47,363:INFO:Cross validating with KFold(n_splits=10, random_state=None, shuffle=False), n_jobs=-1
2022-04-29 14:49:47,541:INFO:Calculating mean and std
2022-04-29 14:49:47,541:INFO:Creating metrics dataframe
2022-04-29 14:49:47,563:INFO:Uploading results into container
2022-04-29 14:49:47,563:INFO:Uploading model into container now
2022-04-29 14:49:47,563:INFO:create_model_container: 5
2022-04-29 14:49:47,563:INFO:master_model_container: 5
2022-04-29 14:49:47,563:INFO:display_container: 2
2022-04-29 14:49:47,563:INFO:HuberRegressor(alpha=0.0001, epsilon=1.35, fit_intercept=True, max_iter=100,
               tol=1e-05, warm_start=False)
2022-04-29 14:49:47,563:INFO:create_model() succesfully completed......................................
2022-04-29 14:49:47,688:INFO:SubProcess create_model() end ==================================
2022-04-29 14:49:47,688:INFO:Creating metrics dataframe
2022-04-29 14:49:47,713:INFO:Initializing Lasso Regression
2022-04-29 14:49:47,713:INFO:Total runtime is 0.9289615273475645 minutes
2022-04-29 14:49:47,714:INFO:SubProcess create_model() called ==================================
2022-04-29 14:49:47,714:INFO:Initializing create_model()
2022-04-29 14:49:47,714:INFO:create_model(estimator=lasso, fold=KFold(n_splits=10, random_state=None, shuffle=False), round=4, cross_validation=True, predict=True, fit_kwargs={}, groups=None, refit=False, verbose=False, system=False, metrics=None, experiment_custom_tags=None, add_to_model_list=True, probability_threshold=None, display=<pycaret.internal.Display.Display object at 0x00000235E61694F0>, return_train_score=False, kwargs={})
2022-04-29 14:49:47,714:INFO:Checking exceptions
2022-04-29 14:49:47,714:INFO:Importing libraries
2022-04-29 14:49:47,714:INFO:Copying training dataset
2022-04-29 14:49:47,714:INFO:Defining folds
2022-04-29 14:49:47,714:INFO:Declaring metric variables
2022-04-29 14:49:47,714:INFO:Importing untrained model
2022-04-29 14:49:47,715:INFO:Lasso Regression Imported succesfully
2022-04-29 14:49:47,715:INFO:Starting cross validation
2022-04-29 14:49:47,715:INFO:Cross validating with KFold(n_splits=10, random_state=None, shuffle=False), n_jobs=-1
2022-04-29 14:49:47,764:INFO:Calculating mean and std
2022-04-29 14:49:47,764:INFO:Creating metrics dataframe
2022-04-29 14:49:47,780:INFO:Uploading results into container
2022-04-29 14:49:47,780:INFO:Uploading model into container now
2022-04-29 14:49:47,780:INFO:create_model_container: 6
2022-04-29 14:49:47,780:INFO:master_model_container: 6
2022-04-29 14:49:47,780:INFO:display_container: 2
2022-04-29 14:49:47,780:INFO:Lasso(alpha=1.0, copy_X=True, fit_intercept=True, max_iter=1000,
      normalize=False, positive=False, precompute=False, random_state=123,
      selection='cyclic', tol=0.0001, warm_start=False)
2022-04-29 14:49:47,780:INFO:create_model() succesfully completed......................................
2022-04-29 14:49:47,895:INFO:SubProcess create_model() end ==================================
2022-04-29 14:49:47,895:INFO:Creating metrics dataframe
2022-04-29 14:49:47,927:INFO:Initializing Extra Trees Regressor
2022-04-29 14:49:47,927:INFO:Total runtime is 0.9325287103652953 minutes
2022-04-29 14:49:47,927:INFO:SubProcess create_model() called ==================================
2022-04-29 14:49:47,927:INFO:Initializing create_model()
2022-04-29 14:49:47,927:INFO:create_model(estimator=et, fold=KFold(n_splits=10, random_state=None, shuffle=False), round=4, cross_validation=True, predict=True, fit_kwargs={}, groups=None, refit=False, verbose=False, system=False, metrics=None, experiment_custom_tags=None, add_to_model_list=True, probability_threshold=None, display=<pycaret.internal.Display.Display object at 0x00000235E61694F0>, return_train_score=False, kwargs={})
2022-04-29 14:49:47,927:INFO:Checking exceptions
2022-04-29 14:49:47,927:INFO:Importing libraries
2022-04-29 14:49:47,927:INFO:Copying training dataset
2022-04-29 14:49:47,927:INFO:Defining folds
2022-04-29 14:49:47,927:INFO:Declaring metric variables
2022-04-29 14:49:47,927:INFO:Importing untrained model
2022-04-29 14:49:47,927:INFO:Extra Trees Regressor Imported succesfully
2022-04-29 14:49:47,927:INFO:Starting cross validation
2022-04-29 14:49:47,927:INFO:Cross validating with KFold(n_splits=10, random_state=None, shuffle=False), n_jobs=-1
2022-04-29 14:49:49,050:INFO:Calculating mean and std
2022-04-29 14:49:49,050:INFO:Creating metrics dataframe
2022-04-29 14:49:49,066:INFO:Uploading results into container
2022-04-29 14:49:49,066:INFO:Uploading model into container now
2022-04-29 14:49:49,066:INFO:create_model_container: 7
2022-04-29 14:49:49,066:INFO:master_model_container: 7
2022-04-29 14:49:49,066:INFO:display_container: 2
2022-04-29 14:49:49,066:INFO:ExtraTreesRegressor(bootstrap=False, ccp_alpha=0.0, criterion='mse',
                    max_depth=None, max_features='auto', max_leaf_nodes=None,
                    max_samples=None, min_impurity_decrease=0.0,
                    min_impurity_split=None, min_samples_leaf=1,
                    min_samples_split=2, min_weight_fraction_leaf=0.0,
                    n_estimators=100, n_jobs=-1, oob_score=False,
                    random_state=123, verbose=0, warm_start=False)
2022-04-29 14:49:49,081:INFO:create_model() succesfully completed......................................
2022-04-29 14:49:49,182:INFO:SubProcess create_model() end ==================================
2022-04-29 14:49:49,182:INFO:Creating metrics dataframe
2022-04-29 14:49:49,213:INFO:Initializing Extreme Gradient Boosting
2022-04-29 14:49:49,213:INFO:Total runtime is 0.9539639671643574 minutes
2022-04-29 14:49:49,213:INFO:SubProcess create_model() called ==================================
2022-04-29 14:49:49,213:INFO:Initializing create_model()
2022-04-29 14:49:49,213:INFO:create_model(estimator=xgboost, fold=KFold(n_splits=10, random_state=None, shuffle=False), round=4, cross_validation=True, predict=True, fit_kwargs={}, groups=None, refit=False, verbose=False, system=False, metrics=None, experiment_custom_tags=None, add_to_model_list=True, probability_threshold=None, display=<pycaret.internal.Display.Display object at 0x00000235E61694F0>, return_train_score=False, kwargs={})
2022-04-29 14:49:49,213:INFO:Checking exceptions
2022-04-29 14:49:49,213:INFO:Importing libraries
2022-04-29 14:49:49,213:INFO:Copying training dataset
2022-04-29 14:49:49,213:INFO:Defining folds
2022-04-29 14:49:49,213:INFO:Declaring metric variables
2022-04-29 14:49:49,213:INFO:Importing untrained model
2022-04-29 14:49:49,213:INFO:Extreme Gradient Boosting Imported succesfully
2022-04-29 14:49:49,213:INFO:Starting cross validation
2022-04-29 14:49:49,213:INFO:Cross validating with KFold(n_splits=10, random_state=None, shuffle=False), n_jobs=-1
2022-04-29 14:49:51,154:INFO:Calculating mean and std
2022-04-29 14:49:51,156:INFO:Creating metrics dataframe
2022-04-29 14:49:51,164:INFO:Uploading results into container
2022-04-29 14:49:51,164:INFO:Uploading model into container now
2022-04-29 14:49:51,164:INFO:create_model_container: 8
2022-04-29 14:49:51,164:INFO:master_model_container: 8
2022-04-29 14:49:51,164:INFO:display_container: 2
2022-04-29 14:49:51,175:INFO:XGBRegressor(base_score=None, booster='gbtree', callbacks=None,
             colsample_bylevel=None, colsample_bynode=None,
             colsample_bytree=None, early_stopping_rounds=None,
             enable_categorical=False, eval_metric=None, gamma=None,
             gpu_id=None, grow_policy=None, importance_type=None,
             interaction_constraints=None, learning_rate=None, max_bin=None,
             max_cat_to_onehot=None, max_delta_step=None, max_depth=None,
             max_leaves=None, min_child_weight=None, missing=nan,
             monotone_constraints=None, n_estimators=100, n_jobs=-1,
             num_parallel_tree=None, objective='reg:squarederror',
             predictor=None, random_state=123, reg_alpha=None, ...)
2022-04-29 14:49:51,175:INFO:create_model() succesfully completed......................................
2022-04-29 14:49:51,289:INFO:SubProcess create_model() end ==================================
2022-04-29 14:49:51,289:INFO:Creating metrics dataframe
2022-04-29 14:49:51,309:INFO:Initializing Light Gradient Boosting Machine
2022-04-29 14:49:51,309:INFO:Total runtime is 0.988897673288981 minutes
2022-04-29 14:49:51,309:INFO:SubProcess create_model() called ==================================
2022-04-29 14:49:51,309:INFO:Initializing create_model()
2022-04-29 14:49:51,309:INFO:create_model(estimator=lightgbm, fold=KFold(n_splits=10, random_state=None, shuffle=False), round=4, cross_validation=True, predict=True, fit_kwargs={}, groups=None, refit=False, verbose=False, system=False, metrics=None, experiment_custom_tags=None, add_to_model_list=True, probability_threshold=None, display=<pycaret.internal.Display.Display object at 0x00000235E61694F0>, return_train_score=False, kwargs={})
2022-04-29 14:49:51,309:INFO:Checking exceptions
2022-04-29 14:49:51,309:INFO:Importing libraries
2022-04-29 14:49:51,309:INFO:Copying training dataset
2022-04-29 14:49:51,309:INFO:Defining folds
2022-04-29 14:49:51,309:INFO:Declaring metric variables
2022-04-29 14:49:51,309:INFO:Importing untrained model
2022-04-29 14:49:51,309:INFO:Light Gradient Boosting Machine Imported succesfully
2022-04-29 14:49:51,309:INFO:Starting cross validation
2022-04-29 14:49:51,309:INFO:Cross validating with KFold(n_splits=10, random_state=None, shuffle=False), n_jobs=-1
2022-04-29 14:49:51,641:INFO:Calculating mean and std
2022-04-29 14:49:51,641:INFO:Creating metrics dataframe
2022-04-29 14:49:51,656:INFO:Uploading results into container
2022-04-29 14:49:51,656:INFO:Uploading model into container now
2022-04-29 14:49:51,656:INFO:create_model_container: 9
2022-04-29 14:49:51,656:INFO:master_model_container: 9
2022-04-29 14:49:51,656:INFO:display_container: 2
2022-04-29 14:49:51,656:INFO:LGBMRegressor(boosting_type='gbdt', class_weight=None, colsample_bytree=1.0,
              importance_type='split', learning_rate=0.1, max_depth=-1,
              min_child_samples=20, min_child_weight=0.001, min_split_gain=0.0,
              n_estimators=100, n_jobs=-1, num_leaves=31, objective=None,
              random_state=123, reg_alpha=0.0, reg_lambda=0.0, silent='warn',
              subsample=1.0, subsample_for_bin=200000, subsample_freq=0)
2022-04-29 14:49:51,656:INFO:create_model() succesfully completed......................................
2022-04-29 14:49:51,772:INFO:SubProcess create_model() end ==================================
2022-04-29 14:49:51,856:INFO:Creating metrics dataframe
2022-04-29 14:49:51,910:INFO:Initializing Random Forest Regressor
2022-04-29 14:49:51,910:INFO:Total runtime is 0.9989171862602233 minutes
2022-04-29 14:49:51,910:INFO:SubProcess create_model() called ==================================
2022-04-29 14:49:51,910:INFO:Initializing create_model()
2022-04-29 14:49:51,910:INFO:create_model(estimator=rf, fold=KFold(n_splits=10, random_state=None, shuffle=False), round=4, cross_validation=True, predict=True, fit_kwargs={}, groups=None, refit=False, verbose=False, system=False, metrics=None, experiment_custom_tags=None, add_to_model_list=True, probability_threshold=None, display=<pycaret.internal.Display.Display object at 0x00000235E61694F0>, return_train_score=False, kwargs={})
2022-04-29 14:49:51,910:INFO:Checking exceptions
2022-04-29 14:49:51,910:INFO:Importing libraries
2022-04-29 14:49:51,910:INFO:Copying training dataset
2022-04-29 14:49:51,910:INFO:Defining folds
2022-04-29 14:49:51,910:INFO:Declaring metric variables
2022-04-29 14:49:51,910:INFO:Importing untrained model
2022-04-29 14:49:51,910:INFO:Random Forest Regressor Imported succesfully
2022-04-29 14:49:51,910:INFO:Starting cross validation
2022-04-29 14:49:51,910:INFO:Cross validating with KFold(n_splits=10, random_state=None, shuffle=False), n_jobs=-1
2022-04-29 14:49:53,305:INFO:Calculating mean and std
2022-04-29 14:49:53,305:INFO:Creating metrics dataframe
2022-04-29 14:49:53,320:INFO:Uploading results into container
2022-04-29 14:49:53,320:INFO:Uploading model into container now
2022-04-29 14:49:53,320:INFO:create_model_container: 10
2022-04-29 14:49:53,320:INFO:master_model_container: 10
2022-04-29 14:49:53,320:INFO:display_container: 2
2022-04-29 14:49:53,320:INFO:RandomForestRegressor(bootstrap=True, ccp_alpha=0.0, criterion='mse',
                      max_depth=None, max_features='auto', max_leaf_nodes=None,
                      max_samples=None, min_impurity_decrease=0.0,
                      min_impurity_split=None, min_samples_leaf=1,
                      min_samples_split=2, min_weight_fraction_leaf=0.0,
                      n_estimators=100, n_jobs=-1, oob_score=False,
                      random_state=123, verbose=0, warm_start=False)
2022-04-29 14:49:53,320:INFO:create_model() succesfully completed......................................
2022-04-29 14:49:53,436:INFO:SubProcess create_model() end ==================================
2022-04-29 14:49:53,436:INFO:Creating metrics dataframe
2022-04-29 14:49:53,458:INFO:Initializing Decision Tree Regressor
2022-04-29 14:49:53,458:INFO:Total runtime is 1.024722905953725 minutes
2022-04-29 14:49:53,458:INFO:SubProcess create_model() called ==================================
2022-04-29 14:49:53,458:INFO:Initializing create_model()
2022-04-29 14:49:53,458:INFO:create_model(estimator=dt, fold=KFold(n_splits=10, random_state=None, shuffle=False), round=4, cross_validation=True, predict=True, fit_kwargs={}, groups=None, refit=False, verbose=False, system=False, metrics=None, experiment_custom_tags=None, add_to_model_list=True, probability_threshold=None, display=<pycaret.internal.Display.Display object at 0x00000235E61694F0>, return_train_score=False, kwargs={})
2022-04-29 14:49:53,458:INFO:Checking exceptions
2022-04-29 14:49:53,458:INFO:Importing libraries
2022-04-29 14:49:53,458:INFO:Copying training dataset
2022-04-29 14:49:53,458:INFO:Defining folds
2022-04-29 14:49:53,458:INFO:Declaring metric variables
2022-04-29 14:49:53,458:INFO:Importing untrained model
2022-04-29 14:49:53,458:INFO:Decision Tree Regressor Imported succesfully
2022-04-29 14:49:53,458:INFO:Starting cross validation
2022-04-29 14:49:53,458:INFO:Cross validating with KFold(n_splits=10, random_state=None, shuffle=False), n_jobs=-1
2022-04-29 14:49:53,547:INFO:Calculating mean and std
2022-04-29 14:49:53,547:INFO:Creating metrics dataframe
2022-04-29 14:49:53,565:INFO:Uploading results into container
2022-04-29 14:49:53,565:INFO:Uploading model into container now
2022-04-29 14:49:53,565:INFO:create_model_container: 11
2022-04-29 14:49:53,565:INFO:master_model_container: 11
2022-04-29 14:49:53,565:INFO:display_container: 2
2022-04-29 14:49:53,566:INFO:DecisionTreeRegressor(ccp_alpha=0.0, criterion='mse', max_depth=None,
                      max_features=None, max_leaf_nodes=None,
                      min_impurity_decrease=0.0, min_impurity_split=None,
                      min_samples_leaf=1, min_samples_split=2,
                      min_weight_fraction_leaf=0.0, presort='deprecated',
                      random_state=123, splitter='best')
2022-04-29 14:49:53,566:INFO:create_model() succesfully completed......................................
2022-04-29 14:49:53,674:INFO:SubProcess create_model() end ==================================
2022-04-29 14:49:53,674:INFO:Creating metrics dataframe
2022-04-29 14:49:53,706:INFO:Initializing AdaBoost Regressor
2022-04-29 14:49:53,706:INFO:Total runtime is 1.0288437247276305 minutes
2022-04-29 14:49:53,706:INFO:SubProcess create_model() called ==================================
2022-04-29 14:49:53,706:INFO:Initializing create_model()
2022-04-29 14:49:53,706:INFO:create_model(estimator=ada, fold=KFold(n_splits=10, random_state=None, shuffle=False), round=4, cross_validation=True, predict=True, fit_kwargs={}, groups=None, refit=False, verbose=False, system=False, metrics=None, experiment_custom_tags=None, add_to_model_list=True, probability_threshold=None, display=<pycaret.internal.Display.Display object at 0x00000235E61694F0>, return_train_score=False, kwargs={})
2022-04-29 14:49:53,706:INFO:Checking exceptions
2022-04-29 14:49:53,706:INFO:Importing libraries
2022-04-29 14:49:53,706:INFO:Copying training dataset
2022-04-29 14:49:53,706:INFO:Defining folds
2022-04-29 14:49:53,706:INFO:Declaring metric variables
2022-04-29 14:49:53,706:INFO:Importing untrained model
2022-04-29 14:49:53,706:INFO:AdaBoost Regressor Imported succesfully
2022-04-29 14:49:53,706:INFO:Starting cross validation
2022-04-29 14:49:53,706:INFO:Cross validating with KFold(n_splits=10, random_state=None, shuffle=False), n_jobs=-1
2022-04-29 14:49:54,299:INFO:Calculating mean and std
2022-04-29 14:49:54,299:INFO:Creating metrics dataframe
2022-04-29 14:49:54,317:INFO:Uploading results into container
2022-04-29 14:49:54,317:INFO:Uploading model into container now
2022-04-29 14:49:54,317:INFO:create_model_container: 12
2022-04-29 14:49:54,317:INFO:master_model_container: 12
2022-04-29 14:49:54,317:INFO:display_container: 2
2022-04-29 14:49:54,317:INFO:AdaBoostRegressor(base_estimator=None, learning_rate=1.0, loss='linear',
                  n_estimators=50, random_state=123)
2022-04-29 14:49:54,317:INFO:create_model() succesfully completed......................................
2022-04-29 14:49:54,430:INFO:SubProcess create_model() end ==================================
2022-04-29 14:49:54,430:INFO:Creating metrics dataframe
2022-04-29 14:49:54,461:INFO:Initializing create_model()
2022-04-29 14:49:54,461:INFO:create_model(estimator=XGBRegressor(base_score=None, booster='gbtree', callbacks=None,
             colsample_bylevel=None, colsample_bynode=None,
             colsample_bytree=None, early_stopping_rounds=None,
             enable_categorical=False, eval_metric=None, gamma=None,
             gpu_id=None, grow_policy=None, importance_type=None,
             interaction_constraints=None, learning_rate=None, max_bin=None,
             max_cat_to_onehot=None, max_delta_step=None, max_depth=None,
             max_leaves=None, min_child_weight=None, missing=nan,
             monotone_constraints=None, n_estimators=100, n_jobs=-1,
             num_parallel_tree=None, objective='reg:squarederror',
             predictor=None, random_state=123, reg_alpha=None, ...), fold=KFold(n_splits=10, random_state=None, shuffle=False), round=4, cross_validation=False, predict=False, fit_kwargs={}, groups=None, refit=True, verbose=False, system=False, metrics=None, experiment_custom_tags=None, add_to_model_list=True, probability_threshold=None, display=None, return_train_score=False, kwargs={})
2022-04-29 14:49:54,461:INFO:Checking exceptions
2022-04-29 14:49:54,461:INFO:Importing libraries
2022-04-29 14:49:54,461:INFO:Copying training dataset
2022-04-29 14:49:54,461:INFO:Defining folds
2022-04-29 14:49:54,461:INFO:Declaring metric variables
2022-04-29 14:49:54,461:INFO:Importing untrained model
2022-04-29 14:49:54,461:INFO:Declaring custom model
2022-04-29 14:49:54,461:INFO:Extreme Gradient Boosting Imported succesfully
2022-04-29 14:49:54,461:INFO:Cross validation set to False
2022-04-29 14:49:54,461:INFO:Fitting Model
2022-04-29 14:49:55,063:INFO:XGBRegressor(base_score=0.5, booster='gbtree', callbacks=None,
             colsample_bylevel=1, colsample_bynode=1, colsample_bytree=1,
             early_stopping_rounds=None, enable_categorical=False,
             eval_metric=None, gamma=0, gpu_id=-1, grow_policy='depthwise',
             importance_type=None, interaction_constraints='',
             learning_rate=0.300000012, max_bin=256, max_cat_to_onehot=4,
             max_delta_step=0, max_depth=6, max_leaves=0, min_child_weight=1,
             missing=nan, monotone_constraints='()', n_estimators=100,
             n_jobs=-1, num_parallel_tree=1, objective='reg:squarederror',
             predictor='auto', random_state=123, reg_alpha=0, ...)
2022-04-29 14:49:55,064:INFO:create_models() succesfully completed......................................
2022-04-29 14:49:55,202:INFO:Initializing create_model()
2022-04-29 14:49:55,203:INFO:create_model(estimator=BayesianRidge(alpha_1=1e-06, alpha_2=1e-06, alpha_init=None,
              compute_score=False, copy_X=True, fit_intercept=True,
              lambda_1=1e-06, lambda_2=1e-06, lambda_init=None, n_iter=300,
              normalize=False, tol=0.001, verbose=False), fold=KFold(n_splits=10, random_state=None, shuffle=False), round=4, cross_validation=False, predict=False, fit_kwargs={}, groups=None, refit=True, verbose=False, system=False, metrics=None, experiment_custom_tags=None, add_to_model_list=True, probability_threshold=None, display=None, return_train_score=False, kwargs={})
2022-04-29 14:49:55,203:INFO:Checking exceptions
2022-04-29 14:49:55,203:INFO:Importing libraries
2022-04-29 14:49:55,203:INFO:Copying training dataset
2022-04-29 14:49:55,203:INFO:Defining folds
2022-04-29 14:49:55,203:INFO:Declaring metric variables
2022-04-29 14:49:55,203:INFO:Importing untrained model
2022-04-29 14:49:55,204:INFO:Declaring custom model
2022-04-29 14:49:55,204:INFO:Bayesian Ridge Imported succesfully
2022-04-29 14:49:55,205:INFO:Cross validation set to False
2022-04-29 14:49:55,205:INFO:Fitting Model
2022-04-29 14:49:55,271:INFO:BayesianRidge(alpha_1=1e-06, alpha_2=1e-06, alpha_init=None,
              compute_score=False, copy_X=True, fit_intercept=True,
              lambda_1=1e-06, lambda_2=1e-06, lambda_init=None, n_iter=300,
              normalize=False, tol=0.001, verbose=False)
2022-04-29 14:49:55,272:INFO:create_models() succesfully completed......................................
2022-04-29 14:49:55,400:INFO:Initializing create_model()
2022-04-29 14:49:55,400:INFO:create_model(estimator=Ridge(alpha=1.0, copy_X=True, fit_intercept=True, max_iter=None,
      normalize=False, random_state=123, solver='auto', tol=0.001), fold=KFold(n_splits=10, random_state=None, shuffle=False), round=4, cross_validation=False, predict=False, fit_kwargs={}, groups=None, refit=True, verbose=False, system=False, metrics=None, experiment_custom_tags=None, add_to_model_list=True, probability_threshold=None, display=None, return_train_score=False, kwargs={})
2022-04-29 14:49:55,401:INFO:Checking exceptions
2022-04-29 14:49:55,401:INFO:Importing libraries
2022-04-29 14:49:55,401:INFO:Copying training dataset
2022-04-29 14:49:55,401:INFO:Defining folds
2022-04-29 14:49:55,401:INFO:Declaring metric variables
2022-04-29 14:49:55,401:INFO:Importing untrained model
2022-04-29 14:49:55,401:INFO:Declaring custom model
2022-04-29 14:49:55,402:INFO:Ridge Regression Imported succesfully
2022-04-29 14:49:55,403:INFO:Cross validation set to False
2022-04-29 14:49:55,403:INFO:Fitting Model
2022-04-29 14:49:55,411:INFO:Ridge(alpha=1.0, copy_X=True, fit_intercept=True, max_iter=None,
      normalize=False, random_state=123, solver='auto', tol=0.001)
2022-04-29 14:49:55,411:INFO:create_models() succesfully completed......................................
2022-04-29 14:49:55,560:INFO:create_model_container: 12
2022-04-29 14:49:55,560:INFO:master_model_container: 12
2022-04-29 14:49:55,560:INFO:display_container: 2
2022-04-29 14:49:55,563:INFO:[XGBRegressor(base_score=0.5, booster='gbtree', callbacks=None,
             colsample_bylevel=1, colsample_bynode=1, colsample_bytree=1,
             early_stopping_rounds=None, enable_categorical=False,
             eval_metric=None, gamma=0, gpu_id=-1, grow_policy='depthwise',
             importance_type=None, interaction_constraints='',
             learning_rate=0.300000012, max_bin=256, max_cat_to_onehot=4,
             max_delta_step=0, max_depth=6, max_leaves=0, min_child_weight=1,
             missing=nan, monotone_constraints='()', n_estimators=100,
             n_jobs=-1, num_parallel_tree=1, objective='reg:squarederror',
             predictor='auto', random_state=123, reg_alpha=0, ...), BayesianRidge(alpha_1=1e-06, alpha_2=1e-06, alpha_init=None,
              compute_score=False, copy_X=True, fit_intercept=True,
              lambda_1=1e-06, lambda_2=1e-06, lambda_init=None, n_iter=300,
              normalize=False, tol=0.001, verbose=False), Ridge(alpha=1.0, copy_X=True, fit_intercept=True, max_iter=None,
      normalize=False, random_state=123, solver='auto', tol=0.001)]
2022-04-29 14:49:55,563:INFO:compare_models() succesfully completed......................................
2022-04-29 14:49:55,565:INFO:Initializing get_config()
2022-04-29 14:49:55,565:INFO:get_config(variable=X_train)
2022-04-29 14:49:55,579:INFO:Global variable: X_train returned as                                           p308_L  p37_Y  p197_D  p33_A  \
121_pigmentd_pigmentd_Rod_ancestor           0.0    1.0     0.0    0.0   
5_HQ444180.1_Rhinomuraena_quaesita           0.0    0.0     1.0    1.0   
20_GQ422472.1_Melanochromis_vermivorus       0.0    1.0     0.0    0.0   
138_AB084927.1_Benthochromis_tricoti         0.0    0.0     0.0    0.0   
30_AY214141.1_Oncorhynchus_keta              1.0    1.0     1.0    0.0   
...                                          ...    ...     ...    ...   
18_L11863.1_Carassius_auratus                0.0    1.0     0.0    1.0   
99_AB043817.1_S292A_Conger_myriaster         0.0    0.0     0.0    0.0   
67_NM_001014890_E134R_R135E_Bos_taurus       0.0    0.0     0.0    0.0   
127_pigmentj_pigmentj_Rod_ancestor           0.0    1.0     0.0    0.0   
110_EU407248.1_Aristostomias_scintillans     0.0    1.0     0.0    0.0   

                                          p259_I  p209_F  p217_A  p216_L  \
121_pigmentd_pigmentd_Rod_ancestor           1.0     0.0     0.0     1.0   
5_HQ444180.1_Rhinomuraena_quaesita           1.0     0.0     0.0     1.0   
20_GQ422472.1_Melanochromis_vermivorus       1.0     0.0     0.0     1.0   
138_AB084927.1_Benthochromis_tricoti         1.0     0.0     0.0     1.0   
30_AY214141.1_Oncorhynchus_keta              0.0     0.0     0.0     1.0   
...                                          ...     ...     ...     ...   
18_L11863.1_Carassius_auratus                1.0     0.0     0.0     1.0   
99_AB043817.1_S292A_Conger_myriaster         1.0     0.0     1.0     1.0   
67_NM_001014890_E134R_R135E_Bos_taurus       1.0     0.0     0.0     1.0   
127_pigmentj_pigmentj_Rod_ancestor           0.0     0.0     0.0     1.0   
110_EU407248.1_Aristostomias_scintillans     0.0     0.0     0.0     0.0   

                                          p256_L  p50_L  ...  p282_T  p300_I  \
121_pigmentd_pigmentd_Rod_ancestor           0.0    0.0  ...     1.0     1.0   
5_HQ444180.1_Rhinomuraena_quaesita           0.0    0.0  ...     0.0     0.0   
20_GQ422472.1_Melanochromis_vermivorus       0.0    0.0  ...     0.0     1.0   
138_AB084927.1_Benthochromis_tricoti         0.0    0.0  ...     0.0     1.0   
30_AY214141.1_Oncorhynchus_keta              0.0    0.0  ...     0.0     0.0   
...                                          ...    ...  ...     ...     ...   
18_L11863.1_Carassius_auratus                0.0    0.0  ...     0.0     0.0   
99_AB043817.1_S292A_Conger_myriaster         0.0    0.0  ...     1.0     0.0   
67_NM_001014890_E134R_R135E_Bos_taurus       0.0    1.0  ...     0.0     0.0   
127_pigmentj_pigmentj_Rod_ancestor           1.0    0.0  ...     0.0     0.0   
110_EU407248.1_Aristostomias_scintillans     0.0    0.0  ...     0.0     0.0   

                                          p213_S  p214_V  p95_L  p220_S  \
121_pigmentd_pigmentd_Rod_ancestor           0.0     0.0    0.0     1.0   
5_HQ444180.1_Rhinomuraena_quaesita           0.0     0.0    0.0     1.0   
20_GQ422472.1_Melanochromis_vermivorus       0.0     0.0    0.0     0.0   
138_AB084927.1_Benthochromis_tricoti         0.0     0.0    0.0     0.0   
30_AY214141.1_Oncorhynchus_keta              0.0     0.0    0.0     1.0   
...                                          ...     ...    ...     ...   
18_L11863.1_Carassius_auratus                0.0     0.0    0.0     0.0   
99_AB043817.1_S292A_Conger_myriaster         1.0     0.0    0.0     1.0   
67_NM_001014890_E134R_R135E_Bos_taurus       0.0     0.0    1.0     0.0   
127_pigmentj_pigmentj_Rod_ancestor           0.0     0.0    0.0     0.0   
110_EU407248.1_Aristostomias_scintillans     0.0     0.0    0.0     0.0   

                                          p35_V  p217_F  p159_L  p36_A  
121_pigmentd_pigmentd_Rod_ancestor          0.0     0.0     0.0    1.0  
5_HQ444180.1_Rhinomuraena_quaesita          0.0     0.0     0.0    1.0  
20_GQ422472.1_Melanochromis_vermivorus      0.0     0.0     0.0    1.0  
138_AB084927.1_Benthochromis_tricoti        0.0     0.0     0.0    1.0  
30_AY214141.1_Oncorhynchus_keta             0.0     1.0     0.0    1.0  
...                                         ...     ...     ...    ...  
18_L11863.1_Carassius_auratus               0.0     0.0     0.0    1.0  
99_AB043817.1_S292A_Conger_myriaster        0.0     0.0     0.0    1.0  
67_NM_001014890_E134R_R135E_Bos_taurus      0.0     0.0     0.0    0.0  
127_pigmentj_pigmentj_Rod_ancestor          1.0     0.0     0.0    1.0  
110_EU407248.1_Aristostomias_scintillans    1.0     0.0     0.0    1.0  

[122 rows x 249 columns]
2022-04-29 14:49:55,580:INFO:get_config() succesfully completed......................................
